<?xml version="1.0" encoding="utf-8"?><testsuites name="pytest tests"><testsuite name="pytest" errors="0" failures="2" skipped="0" tests="19" time="5.057" timestamp="2026-08-10T03:57:52.479131+00:00" hostname="agent-env-1281283a-82a4-4d9b-a322-24d2e2c00e95"><testcase classname="tests.backend_test.TestApi" name="test_01_health" time="0.141" /><testcase classname="tests.backend_test.TestApi" name="test_02_protected_routes_reject_missing_token" time="0.244" /><testcase classname="tests.backend_test.TestApi" name="test_03_wrong_password_rejected" time="0.276" /><testcase classname="tests.backend_test.TestApi" name="test_04_valid_login_response_and_cookies" time="0.566" /><testcase classname="tests.backend_test.TestApi" name="test_05_auth_me_with_bearer" time="0.052" /><testcase classname="tests.backend_test.TestApi" name="test_06_missing_or_empty_required_lead_fields_rejected[payload0]" time="0.049" /><testcase classname="tests.backend_test.TestApi" name="test_06_missing_or_empty_required_lead_fields_rejected[payload1]" time="0.049" /><testcase classname="tests.backend_test.TestApi" name="test_06_missing_or_empty_required_lead_fields_rejected[payload2]" time="0.048" /><testcase classname="tests.backend_test.TestApi" name="test_06_missing_or_empty_required_lead_fields_rejected[payload3]" time="0.060" /><testcase classname="tests.backend_test.TestApi" name="test_06_missing_or_empty_required_lead_fields_rejected[payload4]" time="0.060" /><testcase classname="tests.backend_test.TestApi" name="test_07_whitespace_only_required_fields_rejected" time="0.046" /><testcase classname="tests.backend_test.TestApi" name="test_08_create_lead_and_verify_persistence" time="0.099" /><testcase classname="tests.backend_test.TestApi" name="test_09_leads_are_newest_first" time="0.048" /><testcase classname="tests.backend_test.TestApi" name="test_10_stats_structure_and_values" time="0.103" /><testcase classname="tests.backend_test.TestApi" name="test_11_patch_returns_updated_document_and_persists" time="0.107" /><testcase classname="tests.backend_test.TestApi" name="test_12_patch_invalid_status_and_ids" time="0.150" /><testcase classname="tests.backend_test.TestApi" name="test_13_admin_password_hash_is_bcrypt_2b" time="0.005" /><testcase classname="tests.backend_test.TestApi" name="test_14_cors_does_not_allow_arbitrary_origins_with_credentials" time="0.123"><failure message="AssertionError: assert '*' is None&#10; +  where '*' = get('access-control-allow-origin')&#10; +    where get = {'Date': 'Mon, 10 Aug 2026 03:57:55 GMT', 'Connection': 'keep-alive', 'Access-Control-Allow-Origin': '*', 'Access-Control-Allow-Headers': '*', 'Access-Control-Allow-Methods': 'GET, POST, PUT, DELETE, OPTIONS, HEAD, PATCH', 'Access-Control-Max-Age': '300', 'set-cookie': '__cf_bm=J2Bd3cQ5Cq6J9H.ugfyQvk9XIDszyRMXCdc81R3riuo-1786334275.0258408-1.0.1.1-iGnNiUDKZjal0jJEHnWOoLYwRJh40E1U7NzXE2IwHz9Bo2T3CDIxUACzThlljtvmW6gtBV1f2QrlqLKk.vR2xAH4skRtxDtWRHzn5bAyy6VZST0BBaMHyEjPPtNcd32r; HttpOnly; SameSite=None; Secure; Path=/; Domain=preview.emergentagent.com; Expires=Mon, 10 Aug 2026 04:27:55 GMT', 'X-Robots-Tag': 'noindex, nofollow', 'Server': 'cloudflare', 'CF-RAY': 'a28c1442ec782197-ORD'}.get&#10; +      where {'Date': 'Mon, 10 Aug 2026 03:57:55 GMT', 'Connection': 'keep-alive', 'Access-Control-Allow-Origin': '*', 'Access-Control-Allow-Headers': '*', 'Access-Control-Allow-Methods': 'GET, POST, PUT, DELETE, OPTIONS, HEAD, PATCH', 'Access-Control-Max-Age': '300', 'set-cookie': '__cf_bm=J2Bd3cQ5Cq6J9H.ugfyQvk9XIDszyRMXCdc81R3riuo-1786334275.0258408-1.0.1.1-iGnNiUDKZjal0jJEHnWOoLYwRJh40E1U7NzXE2IwHz9Bo2T3CDIxUACzThlljtvmW6gtBV1f2QrlqLKk.vR2xAH4skRtxDtWRHzn5bAyy6VZST0BBaMHyEjPPtNcd32r; HttpOnly; SameSite=None; Secure; Path=/; Domain=preview.emergentagent.com; Expires=Mon, 10 Aug 2026 04:27:55 GMT', 'X-Robots-Tag': 'noindex, nofollow', 'Server': 'cloudflare', 'CF-RAY': 'a28c1442ec782197-ORD'} = &lt;Response [204]&gt;.headers">backend/tests/backend_test.py:220: in test_14_cors_does_not_allow_arbitrary_origins_with_credentials
    assert response.headers.get("access-control-allow-origin") is None
E   AssertionError: assert '*' is None
E    +  where '*' = get('access-control-allow-origin')
E    +    where get = {'Date': 'Mon, 10 Aug 2026 03:57:55 GMT', 'Connection': 'keep-alive', 'Access-Control-Allow-Origin': '*', 'Access-Control-Allow-Headers': '*', 'Access-Control-Allow-Methods': 'GET, POST, PUT, DELETE, OPTIONS, HEAD, PATCH', 'Access-Control-Max-Age': '300', 'set-cookie': '__cf_bm=J2Bd3cQ5Cq6J9H.ugfyQvk9XIDszyRMXCdc81R3riuo-1786334275.0258408-1.0.1.1-iGnNiUDKZjal0jJEHnWOoLYwRJh40E1U7NzXE2IwHz9Bo2T3CDIxUACzThlljtvmW6gtBV1f2QrlqLKk.vR2xAH4skRtxDtWRHzn5bAyy6VZST0BBaMHyEjPPtNcd32r; HttpOnly; SameSite=None; Secure; Path=/; Domain=preview.emergentagent.com; Expires=Mon, 10 Aug 2026 04:27:55 GMT', 'X-Robots-Tag': 'noindex, nofollow', 'Server': 'cloudflare', 'CF-RAY': 'a28c1442ec782197-ORD'}.get
E    +      where {'Date': 'Mon, 10 Aug 2026 03:57:55 GMT', 'Connection': 'keep-alive', 'Access-Control-Allow-Origin': '*', 'Access-Control-Allow-Headers': '*', 'Access-Control-Allow-Methods': 'GET, POST, PUT, DELETE, OPTIONS, HEAD, PATCH', 'Access-Control-Max-Age': '300', 'set-cookie': '__cf_bm=J2Bd3cQ5Cq6J9H.ugfyQvk9XIDszyRMXCdc81R3riuo-1786334275.0258408-1.0.1.1-iGnNiUDKZjal0jJEHnWOoLYwRJh40E1U7NzXE2IwHz9Bo2T3CDIxUACzThlljtvmW6gtBV1f2QrlqLKk.vR2xAH4skRtxDtWRHzn5bAyy6VZST0BBaMHyEjPPtNcd32r; HttpOnly; SameSite=None; Secure; Path=/; Domain=preview.emergentagent.com; Expires=Mon, 10 Aug 2026 04:27:55 GMT', 'X-Robots-Tag': 'noindex, nofollow', 'Server': 'cloudflare', 'CF-RAY': 'a28c1442ec782197-ORD'} = &lt;Response [204]&gt;.headers</failure></testcase><testcase classname="tests.backend_test.TestApi" name="test_15_brute_force_lockout_after_five_failures" time="1.917"><failure message="AssertionError: Expected lockout on sixth attempt, got statuses [401, 401, 401, 401, 401, 401]&#10;assert 401 == 429">backend/tests/backend_test.py:229: in test_15_brute_force_lockout_after_five_failures
    assert statuses[5] == 429, f"Expected lockout on sixth attempt, got statuses {statuses}"
E   AssertionError: Expected lockout on sixth attempt, got statuses [401, 401, 401, 401, 401, 401]
E   assert 401 == 429</failure></testcase></testsuite></testsuites>