<?xml version="1.0" encoding="utf-8"?><testsuites name="pytest tests"><testsuite name="pytest" errors="0" failures="3" skipped="0" tests="19" time="3.395" timestamp="2026-08-10T04:01:27.333584+00:00" hostname="agent-env-1281283a-82a4-4d9b-a322-24d2e2c00e95"><testcase classname="tests.backend_test.TestApi" name="test_01_health" time="0.226" /><testcase classname="tests.backend_test.TestApi" name="test_02_protected_routes_reject_missing_token" time="0.240" /><testcase classname="tests.backend_test.TestApi" name="test_03_wrong_password_rejected" time="0.289" /><testcase classname="tests.backend_test.TestApi" name="test_04_valid_login_response_and_cookies" time="0.551"><failure message="AssertionError: Successful login did not clear the failed-attempt counter&#10;assert 1 == 0">backend/tests/backend_test.py:125: in test_04_valid_login_response_and_cookies
    assert remaining_attempts == 0, "Successful login did not clear the failed-attempt counter"
E   AssertionError: Successful login did not clear the failed-attempt counter
E   assert 1 == 0</failure></testcase><testcase classname="tests.backend_test.TestApi" name="test_05_auth_me_with_bearer" time="0.077" /><testcase classname="tests.backend_test.TestApi" name="test_06_missing_or_empty_required_lead_fields_rejected[payload0]" time="0.072" /><testcase classname="tests.backend_test.TestApi" name="test_06_missing_or_empty_required_lead_fields_rejected[payload1]" time="0.051" /><testcase classname="tests.backend_test.TestApi" name="test_06_missing_or_empty_required_lead_fields_rejected[payload2]" time="0.051" /><testcase classname="tests.backend_test.TestApi" name="test_06_missing_or_empty_required_lead_fields_rejected[payload3]" time="0.049" /><testcase classname="tests.backend_test.TestApi" name="test_06_missing_or_empty_required_lead_fields_rejected[payload4]" time="0.050" /><testcase classname="tests.backend_test.TestApi" name="test_07_whitespace_only_required_fields_rejected" time="0.049" /><testcase classname="tests.backend_test.TestApi" name="test_08_create_lead_and_verify_persistence" time="0.098" /><testcase classname="tests.backend_test.TestApi" name="test_09_leads_are_newest_first" time="0.051" /><testcase classname="tests.backend_test.TestApi" name="test_10_stats_structure_and_values" time="0.102" /><testcase classname="tests.backend_test.TestApi" name="test_11_patch_returns_updated_document_and_persists" time="0.116" /><testcase classname="tests.backend_test.TestApi" name="test_12_patch_invalid_status_and_ids" time="0.147" /><testcase classname="tests.backend_test.TestApi" name="test_13_admin_password_hash_is_bcrypt_2b" time="0.004" /><testcase classname="tests.backend_test.TestApi" name="test_14_cors_explicit_allowlist_for_preflight_and_actual_requests" time="0.067"><failure message="AssertionError: assert '*' == 'https://post...gentagent.com'&#10;  &#10;  - https://post-and-polish.preview.emergentagent.com&#10;  + *">backend/tests/backend_test.py:236: in test_14_cors_explicit_allowlist_for_preflight_and_actual_requests
    assert preflight.headers.get("access-control-allow-origin") == expected_acao
E   AssertionError: assert '*' == 'https://post...gentagent.com'
E     
E     - https://post-and-polish.preview.emergentagent.com
E     + *</failure></testcase><testcase classname="tests.backend_test.TestApi" name="test_15_brute_force_lockout_after_five_failures" time="0.631"><failure message="AssertionError: Expected lockout on sixth attempt, got statuses [401, 401, 401, 401, 401, 401]&#10;assert 401 == 429">backend/tests/backend_test.py:260: in test_15_brute_force_lockout_after_five_failures
    assert statuses[5] == 429, f"Expected lockout on sixth attempt, got statuses {statuses}"
E   AssertionError: Expected lockout on sixth attempt, got statuses [401, 401, 401, 401, 401, 401]
E   assert 401 == 429</failure></testcase></testsuite></testsuites>